<?xml version="1.0" encoding="UTF-8"?>
<testsuite name="rspec" tests="869" skipped="5" failures="1" errors="0" time="164.310654" timestamp="2020-03-31T16:15:29+00:00" hostname="a6e0f08bc8ed">
<properties>
<property name="seed" value="11950"/>
</properties>
<testcase classname="spec.requests.dash.v4.voucher_code_inventory_batches_spec" name="Voucher code inventory batches API Dash V4 #download_voucher_codes with filters returns filtered codes" file="./spec/requests/dash/v4/voucher_code_inventory_batches_spec.rb" time="0.407172"></testcase>
<testcase classname="spec.requests.og_spec" name="OgController redirects to og_document_url" file="./spec/requests/og_spec.rb" time="0.046504"><failure message="No route matches [GET] &quot;/og&quot;" type="ActionController::RoutingError">Failure/Error: @app.call(env)

ActionController::RoutingError:
  No route matches [GET] &quot;/og&quot;
/usr/local/bundle/gems/lograge-0.11.2/lib/lograge/rails_ext/rack/logger.rb:15:in `call_app&apos;
/usr/local/bundle/gems/railties-6.0.2.1/lib/rails/rack/logger.rb:26:in `block in call&apos;
/usr/local/bundle/gems/railties-6.0.2.1/lib/rails/rack/logger.rb:26:in `call&apos;
/usr/local/bundle/gems/request_store-1.5.0/lib/request_store/middleware.rb:19:in `call&apos;
/usr/local/bundle/gems/rack-2.2.2/lib/rack/runtime.rb:22:in `call&apos;
./app/middleware/invalid_params_interceptor.rb:20:in `call&apos;
/usr/local/bundle/gems/rack-2.2.2/lib/rack/sendfile.rb:110:in `call&apos;
/usr/local/bundle/gems/rack-cors-1.0.6/lib/rack/cors.rb:98:in `call&apos;
/usr/local/bundle/gems/invalid_utf8_rejector-0.0.4/lib/invalid_utf8_rejector/middleware.rb:11:in `call&apos;
/usr/local/bundle/gems/sentry-raven-2.13.0/lib/raven/integrations/rack.rb:51:in `call&apos;
/usr/local/bundle/gems/railties-6.0.2.1/lib/rails/engine.rb:526:in `call&apos;
/usr/local/bundle/gems/rack-test-1.1.0/lib/rack/mock_session.rb:29:in `request&apos;
/usr/local/bundle/gems/rack-test-1.1.0/lib/rack/test.rb:266:in `process_request&apos;
/usr/local/bundle/gems/rack-test-1.1.0/lib/rack/test.rb:119:in `request&apos;
./spec/requests/og_spec.rb:10:in `block (2 levels) in &lt;main&gt;&apos;</failure></testcase>
</testsuite>
